Arguments: 
  /usr/local/bin/node /home/patrick/.npm-global/bin/yarn install

PATH: 
  /home/linuxbrew/.linuxbrew/bin:/home/linuxbrew/.linuxbrew/sbin:/home/linuxbrew/.linuxbrew/bin:/home/linuxbrew/.linuxbrew/sbin:/home/linuxbrew/.linuxbrew/bin:/home/linuxbrew/.linuxbrew/sbin:/home/patrick/.npm-global/bin:/home/patrick/bin:/home/patrick/.sdkman/candidates/gradle/current/bin:/home/linuxbrew/.linuxbrew/bin:/home/linuxbrew/.linuxbrew/sbin:/home/linuxbrew/.linuxbrew/bin:/home/linuxbrew/.linuxbrew/sbin:/home/linuxbrew/.linuxbrew/bin:/home/linuxbrew/.linuxbrew/sbin:/home/patrick/.npm-global/bin:/home/patrick/bin:/usr/local/sbin:/usr/local/bin:/usr/sbin:/usr/bin:/sbin:/bin:/usr/games:/usr/local/games:/snap/bin

Yarn version: 
  1.16.0

Node version: 
  10.16.3

Platform: 
  linux x64

Trace: 
  SyntaxError: /home/patrick/Desktop/deleteme/greb/amplify/backend/function/locationSEO/src/package.json: Unexpected end of JSON input
      at JSON.parse (<anonymous>)
      at /home/patrick/.npm-global/lib/node_modules/yarn/lib/cli.js:1625:59
      at Generator.next (<anonymous>)
      at step (/home/patrick/.npm-global/lib/node_modules/yarn/lib/cli.js:304:30)
      at /home/patrick/.npm-global/lib/node_modules/yarn/lib/cli.js:315:13

npm manifest: 
  {
    "name": "locationSEO",
    "version": "2.0.0",
    "description": "Lambda function generated by Amplify",
    "main": "index.js",
    "license": "Apache-2.0",
    "dependencies": {
      "aws-sdk": "^2.809.0",
      "ip-regex": "^4.3.0",
      "node-fetch": "^2.6.1"
  }

yarn manifest: 
  No manifest

Lockfile: 
  # THIS IS AN AUTOGENERATED FILE. DO NOT EDIT THIS FILE DIRECTLY.
  # yarn lockfile v1
